0 info it worked if it ends with ok
1 verbose cli [ 'C:\\Program Files\\nodejs\\node.exe',
1 verbose cli   'C:\\Program Files\\nodejs\\node_modules\\npm\\bin\\npm-cli.js',
1 verbose cli   'start',
1 verbose cli   '--cache',
1 verbose cli   '--clear' ]
2 info using npm@6.4.1
3 info using node@v10.15.0
4 verbose run-script [ 'prestart', 'start', 'poststart' ]
5 info lifecycle firebase@5.1.0~prestart: firebase@5.1.0
6 info lifecycle firebase@5.1.0~start: firebase@5.1.0
7 verbose lifecycle firebase@5.1.0~start: unsafe-perm in lifecycle true
8 verbose lifecycle firebase@5.1.0~start: PATH: C:\Program Files\nodejs\node_modules\npm\node_modules\npm-lifecycle\node-gyp-bin;C:\wamp64\www\react-native-firebase-starter\node_modules\.bin;C:\Program Files (x86)\Common Files\Oracle\Java\javapath;C:\WINDOWS\system32;C:\WINDOWS;C:\WINDOWS\System32\Wbem;C:\WINDOWS\System32\WindowsPowerShell\v1.0\;C:\WINDOWS\System32\OpenSSH\;C:\Program Files\nodejs\;C:\Program Files\Git\cmd;C:\wamp64\bin\php\php7.2.10\;C:\Program Files\Genymobile\Genymotion\tools;C:\Program Files\PuTTY\;C:\Users\Laurent\AppData\Local\Android\Sdk;C:\Users\Laurent\AppData\Local\Programs\Python\Python36\Scripts\;C:\Users\Laurent\AppData\Local\Programs\Python\Python36\;C:\Users\Laurent\AppData\Local\Microsoft\WindowsApps;;C:\Users\Laurent\AppData\Local\Programs\Microsoft VS Code\bin;C:\Users\Laurent\AppData\Roaming\npm
9 verbose lifecycle firebase@5.1.0~start: CWD: C:\wamp64\www\react-native-firebase-starter
10 silly lifecycle firebase@5.1.0~start: Args: [ '/d /s /c', 'react-native start' ]
11 silly lifecycle firebase@5.1.0~start: Returned: code: 1  signal: null
12 info lifecycle firebase@5.1.0~start: Failed to exec start script
13 verbose stack Error: firebase@5.1.0 start: `react-native start`
13 verbose stack Exit status 1
13 verbose stack     at EventEmitter.<anonymous> (C:\Program Files\nodejs\node_modules\npm\node_modules\npm-lifecycle\index.js:301:16)
13 verbose stack     at EventEmitter.emit (events.js:182:13)
13 verbose stack     at ChildProcess.<anonymous> (C:\Program Files\nodejs\node_modules\npm\node_modules\npm-lifecycle\lib\spawn.js:55:14)
13 verbose stack     at ChildProcess.emit (events.js:182:13)
13 verbose stack     at maybeClose (internal/child_process.js:962:16)
13 verbose stack     at Process.ChildProcess._handle.onexit (internal/child_process.js:251:5)
14 verbose pkgid firebase@5.1.0
15 verbose cwd C:\wamp64\www\react-native-firebase-starter\android
16 verbose Windows_NT 10.0.17134
17 verbose argv "C:\\Program Files\\nodejs\\node.exe" "C:\\Program Files\\nodejs\\node_modules\\npm\\bin\\npm-cli.js" "start" "--cache" "--clear"
18 verbose node v10.15.0
19 verbose npm  v6.4.1
20 error code ELIFECYCLE
21 error errno 1
22 error firebase@5.1.0 start: `react-native start`
22 error Exit status 1
23 error Failed at the firebase@5.1.0 start script.
23 error This is probably not a problem with npm. There is likely additional logging output above.
24 verbose exit [ 1, true ]
